<?xml version="1.0" encoding="UTF-8"?>
<testng-results skipped="0" failed="0" ignored="0" total="1" passed="1">
  <reporter-output>
  </reporter-output>
  <suite name="Default suite" duration-ms="18223" started-at="2019-11-30T16:34:21 CST" finished-at="2019-11-30T16:34:39 CST">
    <groups>
    </groups>
    <test name="Default test" duration-ms="18223" started-at="2019-11-30T16:34:21 CST" finished-at="2019-11-30T16:34:39 CST">
      <class name="com.project.uniform.test.UNF_039Allows_admin_to_Edit_Metatag">
        <test-method status="PASS" signature="setUpBeforeClass()[pri:0, instance:com.project.uniform.test.UNF_039Allows_admin_to_Edit_Metatag@32709393]" name="setUpBeforeClass" is-config="true" duration-ms="14" started-at="2019-11-30T16:34:21 CST" finished-at="2019-11-30T16:34:21 CST">
          <reporter-output>
          </reporter-output>
        </test-method> <!-- setUpBeforeClass -->
        <test-method status="PASS" signature="setUp()[pri:0, instance:com.project.uniform.test.UNF_039Allows_admin_to_Edit_Metatag@32709393]" name="setUp" is-config="true" duration-ms="12096" started-at="2019-11-30T16:34:21 CST" finished-at="2019-11-30T16:34:33 CST">
          <reporter-output>
          </reporter-output>
        </test-method> <!-- setUp -->
        <test-method status="PASS" signature="validLoginTest()[pri:0, instance:com.project.uniform.test.UNF_039Allows_admin_to_Edit_Metatag@32709393]" name="validLoginTest" duration-ms="6070" started-at="2019-11-30T16:34:33 CST" finished-at="2019-11-30T16:34:39 CST">
          <reporter-output>
          </reporter-output>
        </test-method> <!-- validLoginTest -->
      </class> <!-- com.project.uniform.test.UNF_039Allows_admin_to_Edit_Metatag -->
    </test> <!-- Default test -->
  </suite> <!-- Default suite -->
</testng-results>
